#
# There is insufficient memory for the Java Runtime Environment to continue.
# Native memory allocation (mmap) failed to map 264241152 bytes. Error detail: G1 virtual space
# Possible reasons:
#   The system is out of physical RAM or swap space
#   This process is running with CompressedOops enabled, and the Java Heap may be blocking the growth of the native heap
# Possible solutions:
#   Reduce memory load on the system
#   Increase physical memory or swap space
#   Check if swap backing store is full
#   Decrease Java heap size (-Xmx/-Xms)
#   Decrease number of Java threads
#   Decrease Java thread stack sizes (-Xss)
#   Set larger code cache with -XX:ReservedCodeCacheSize=
#   JVM is running with Zero Based Compressed Oops mode in which the Java heap is
#     placed in the first 32GB address space. The Java Heap base address is the
#     maximum limit for the native heap growth. Please use -XX:HeapBaseMinAddress
#     to set the Java Heap base and to place the Java Heap above 32GB virtual address.
# This output file may be truncated or incomplete.
#
#  Out of Memory Error (os_windows.cpp:3815), pid=22856, tid=23548
#
# JRE version:  (21.0.3) (build )
# Java VM: OpenJDK 64-Bit Server VM (21.0.3+-12282718-b509.11, mixed mode, sharing, tiered, compressed oops, compressed class ptrs, g1 gc, windows-amd64)
# No core dump will be written. Minidumps are not enabled by default on client versions of Windows
#

---------------  S U M M A R Y ------------

Command Line: git4idea.http.GitAskPassApp Username for 'https://github.com': 

Host: 13th Gen Intel(R) Core(TM) i5-13420H, 12 cores, 15G,  Windows 11 , 64 bit Build 26100 (10.0.26100.7309)
Time: Fri Dec 12 10:04:16 2025 RTZ 2 (s 11 , 64 bit Build 26100 (10.0.26100.7309) elapsed time: 0.008270 seconds (0d 0h 0m 0s)

---------------  T H R E A D  ---------------

Current thread (0x000001f9c8413be0):  JavaThread "Unknown thread" [_thread_in_vm, id=23548, stack(0x000000f0ac600000,0x000000f0ac700000) (1024K)]

Stack: [0x000000f0ac600000,0x000000f0ac700000]
Native frames: (J=compiled Java code, j=interpreted, Vv=VM code, C=native code)
V  [jvm.dll+0x6cafb9]
V  [jvm.dll+0x858523]
V  [jvm.dll+0x85aa7e]
V  [jvm.dll+0x85b163]
V  [jvm.dll+0x27d356]
V  [jvm.dll+0x6c7865]
V  [jvm.dll+0x6bbd3a]
V  [jvm.dll+0x35199b]
V  [jvm.dll+0x3595d6]
V  [jvm.dll+0x3aa826]
V  [jvm.dll+0x3aaaf8]
V  [jvm.dll+0x3240bc]
V  [jvm.dll+0x324dab]
V  [jvm.dll+0x81fd89]
V  [jvm.dll+0x3b7c08]
V  [jvm.dll+0x80921d]
V  [jvm.dll+0x44c05e]
V  [jvm.dll+0x44d6b1]
C  [jli.dll+0x52ab]
C  [ucrtbase.dll+0x37b0]
C  [KERNEL32.DLL+0x2e8d7]
C  [ntdll.dll+0x8c53c]


---------------  P R O C E S S  ---------------

Threads class SMR info:
_java_thread_list=0x00007ffe500657c8, length=0, elements={
}

Java Threads: ( => current thread )
Total: 0

Other Threads:
  0x000001f9ca6bd740 WorkerThread "GC Thread#0"                     [id=15180, stack(0x000000f0ac700000,0x000000f0ac800000) (1024K)]
  0x000001f9ca6cf160 ConcurrentGCThread "G1 Main Marker"            [id=10856, stack(0x000000f0ac800000,0x000000f0ac900000) (1024K)]
  0x000001f9ca6d0400 WorkerThread "G1 Conc#0"                       [id=19604, stack(0x000000f0ac900000,0x000000f0aca00000) (1024K)]

[error occurred during error reporting (printing all threads), id 0xc0000005, EXCEPTION_ACCESS_VIOLATION (0xc0000005) at pc=0x00007ffe4f867197]
VM state: not at safepoint (not fully initialized)

VM Mutex/Monitor currently owned by a thread:  ([mutex/lock_event])
[0x00007ffe500d21c8] Heap_lock - owner thread: 0x000001f9c8413be0

Heap address: 0x0000000704000000, size: 4032 MB, Compressed Oops mode: Zero based, Oop shift amount: 3

CDS archive(s) mapped at: [0x0000000000000000-0x0000000000000000-0x0000000000000000), size 0, SharedBaseAddress: 0x0000000800000000, ArchiveRelocationMode: 1.
Narrow klass base: 0x0000000000000000, Narrow klass shift: 0, Narrow klass range: 0x0

GC Precious Log:
 CardTable entry size: 512
 Card Set container configuration: InlinePtr #cards 4 size 8 Array Of Cards #cards 16 size 48 Howl #buckets 8 coarsen threshold 3686 Howl Bitmap #cards 512 size 80 coarsen threshold 460 Card regions per heap region 1 cards per card region 4096

Heap:
 garbage-first heap   total 0K, used 0K [0x0000000704000000, 0x0000000800000000)
  region size 2048K, 0 young (0K), 0 survivors (0K)
 Metaspace       used 0K, committed 0K, reserved 0K
  class space    used 0K, committed 0K, reserved 0K

Heap Regions: E=young(eden), S=young(survivor), O=old, HS=humongous(starts), HC=humongous(continues), CS=collection set, F=free, TAMS=top-at-mark-start, PB=parsable bottom

Card table byte_map: [0x000001f9dd4d0000,0x000001f9ddcb0000] _byte_map_base: 0x000001f9d9cb0000

Marking Bits: (CMBitMap*) 0x000001f9ca6bde40
 Bits: [0x000001f9ddcb0000, 0x000001f9e1bb0000)

GC Heap History (0 events):
No events

Dll operation events (1 events):
Event: 0.004 Loaded shared library C:\Program Files\Android\Android Studio\jbr\bin\java.dll

Deoptimization events (0 events):
No events

Classes loaded (0 events):
No events

Classes unloaded (0 events):
No events

Classes redefined (0 events):
No events

Internal exceptions (0 events):
No events

ZGC Phase Switch (0 events):
No events

VM Operations (0 events):
No events

Events (0 events):
No events


Dynamic libraries:
0x00007ff60b1b0000 - 0x00007ff60b1ba000 	C:\Program Files\Android\Android Studio\jbr\bin\java.exe
0x00007fff25960000 - 0x00007fff25bc7000 	C:\WINDOWS\SYSTEM32\ntdll.dll
0x00007fff236d0000 - 0x00007fff23799000 	C:\WINDOWS\System32\KERNEL32.DLL
0x00007fff23010000 - 0x00007fff233ff000 	C:\WINDOWS\System32\KERNELBASE.dll
0x00007fff22a80000 - 0x00007fff22bcb000 	C:\WINDOWS\System32\ucrtbase.dll
0x00007fff1d050000 - 0x00007fff1d06b000 	C:\Program Files\Android\Android Studio\jbr\bin\VCRUNTIME140.dll
0x00007fff1ade0000 - 0x00007fff1adf8000 	C:\Program Files\Android\Android Studio\jbr\bin\jli.dll
0x00007fff24090000 - 0x00007fff24255000 	C:\WINDOWS\System32\USER32.dll
0x00007fff22e70000 - 0x00007fff22e97000 	C:\WINDOWS\System32\win32u.dll
0x00007fff0bac0000 - 0x00007fff0bd53000 	C:\WINDOWS\WinSxS\amd64_microsoft.windows.common-controls_6595b64144ccf1df_6.0.26100.7309_none_3e05feeae336a044\COMCTL32.dll
0x00007fff23f70000 - 0x00007fff23f9b000 	C:\WINDOWS\System32\GDI32.dll
0x00007fff24310000 - 0x00007fff243b9000 	C:\WINDOWS\System32\msvcrt.dll
0x00007fff22bd0000 - 0x00007fff22cfc000 	C:\WINDOWS\System32\gdi32full.dll
0x00007fff23620000 - 0x00007fff236c3000 	C:\WINDOWS\System32\msvcp_win.dll
0x00007fff237a0000 - 0x00007fff237d1000 	C:\WINDOWS\System32\IMM32.DLL
0x00007fff1d200000 - 0x00007fff1d20c000 	C:\Program Files\Android\Android Studio\jbr\bin\vcruntime140_1.dll
0x00007ffeba330000 - 0x00007ffeba3bd000 	C:\Program Files\Android\Android Studio\jbr\bin\msvcp140.dll
0x00007ffe4f530000 - 0x00007ffe501ad000 	C:\Program Files\Android\Android Studio\jbr\bin\server\jvm.dll
0x00007fff24c10000 - 0x00007fff24cc4000 	C:\WINDOWS\System32\ADVAPI32.dll
0x00007fff24260000 - 0x00007fff24306000 	C:\WINDOWS\System32\sechost.dll
0x00007fff23950000 - 0x00007fff23a68000 	C:\WINDOWS\System32\RPCRT4.dll
0x00007fff23a70000 - 0x00007fff23ae4000 	C:\WINDOWS\System32\WS2_32.dll
0x00007fff22900000 - 0x00007fff2295e000 	C:\WINDOWS\SYSTEM32\POWRPROF.dll
0x00007fff1fd90000 - 0x00007fff1fdc5000 	C:\WINDOWS\SYSTEM32\WINMM.dll
0x00007fff1afd0000 - 0x00007fff1afdb000 	C:\WINDOWS\SYSTEM32\VERSION.dll
0x00007fff228e0000 - 0x00007fff228f4000 	C:\WINDOWS\SYSTEM32\UMPDC.dll
0x00007fff21830000 - 0x00007fff2184b000 	C:\WINDOWS\SYSTEM32\kernel.appcore.dll
0x00007fff1d1f0000 - 0x00007fff1d1fa000 	C:\Program Files\Android\Android Studio\jbr\bin\jimage.dll
0x00007fff203d0000 - 0x00007fff20612000 	C:\WINDOWS\SYSTEM32\DBGHELP.DLL
0x00007fff23b60000 - 0x00007fff23ee5000 	C:\WINDOWS\System32\combase.dll
0x00007fff24860000 - 0x00007fff24936000 	C:\WINDOWS\System32\OLEAUT32.dll
0x00007fff1fd20000 - 0x00007fff1fd5c000 	C:\WINDOWS\SYSTEM32\dbgcore.DLL
0x00007fff22ea0000 - 0x00007fff22f45000 	C:\WINDOWS\System32\bcryptPrimitives.dll
0x00007fff1bc00000 - 0x00007fff1bc1f000 	C:\Program Files\Android\Android Studio\jbr\bin\java.dll

dbghelp: loaded successfully - version: 4.0.5 - missing functions: none
symbol engine: initialized successfully - sym options: 0x614 - pdb path: .;C:\Program Files\Android\Android Studio\jbr\bin;C:\WINDOWS\SYSTEM32;C:\WINDOWS\WinSxS\amd64_microsoft.windows.common-controls_6595b64144ccf1df_6.0.26100.7309_none_3e05feeae336a044;C:\Program Files\Android\Android Studio\jbr\bin\server

VM Arguments:
java_command: git4idea.http.GitAskPassApp Username for 'https://github.com': 
java_class_path (initial): C:/Program Files/Android/Android Studio/plugins/vcs-git/lib/git4idea-rt.jar;C:/Program Files/Android/Android Studio/lib/externalProcess-rt.jar
Launcher Type: SUN_STANDARD

[Global flags]
     intx CICompilerCount                          = 4                                         {product} {ergonomic}
     uint ConcGCThreads                            = 3                                         {product} {ergonomic}
     uint G1ConcRefinementThreads                  = 10                                        {product} {ergonomic}
   size_t G1HeapRegionSize                         = 2097152                                   {product} {ergonomic}
    uintx GCDrainStackTargetSize                   = 64                                        {product} {ergonomic}
   size_t InitialHeapSize                          = 264241152                                 {product} {ergonomic}
   size_t MarkStackSize                            = 4194304                                   {product} {ergonomic}
   size_t MaxHeapSize                              = 4227858432                                {product} {ergonomic}
   size_t MinHeapDeltaBytes                        = 2097152                                   {product} {ergonomic}
   size_t MinHeapSize                              = 8388608                                   {product} {ergonomic}
    uintx NonNMethodCodeHeapSize                   = 5839372                                {pd product} {ergonomic}
    uintx NonProfiledCodeHeapSize                  = 122909434                              {pd product} {ergonomic}
    uintx ProfiledCodeHeapSize                     = 122909434                              {pd product} {ergonomic}
    uintx ReservedCodeCacheSize                    = 251658240                              {pd product} {ergonomic}
     bool SegmentedCodeCache                       = true                                      {product} {ergonomic}
   size_t SoftMaxHeapSize                          = 4227858432                             {manageable} {ergonomic}
     bool UseCompressedOops                        = true                           {product lp64_product} {ergonomic}
     bool UseG1GC                                  = true                                      {product} {ergonomic}
     bool UseLargePagesIndividualAllocation        = false                                  {pd product} {ergonomic}

Logging:
Log output configuration:
 #0: stdout all=warning uptime,level,tags foldmultilines=false
 #1: stderr all=off uptime,level,tags foldmultilines=false

Environment Variables:
JAVA_HOME=C:\Program Files (x86)\jdk-17.0.16-full
PATH=C:\Program Files\Git\mingw64\libexec\git-core;C:\Program Files\Git\mingw64\libexec\git-core;C:\Program Files\Git\mingw64\bin;C:\Program Files\Git\usr\bin;C:\Users\User-1\bin;C:\Program Files (x86)\Common Files\Oracle\Java\java8path;C:\Program Files (x86)\Common Files\Oracle\Java\javapath;C:\Program Files (x86)\jdk-17.0.16-full\bin;C:\WINDOWS\system32;C:\WINDOWS;C:\WINDOWS\System32\Wbem;C:\WINDOWS\System32\WindowsPowerShell\v1.0;C:\WINDOWS\System32\OpenSSH;C:\Program Files (x86)\Windows Kits\10\Windows Performance Toolkit;C:\Program Files\dotnet;C:\Program Files\Git\cmd;C:\Program Files\nodejs;C:\ProgramData\chocolatey\bin;C:\Users\User-1\.jdks\ms-11.0.27\bin;C:\Program Files (x86)\1C\1CE\components\1c-enterprise-ring-0.11.10+2-x86_64;C:\Program Files\mosquitto;C:\Program Files (x86)\jdk-17.0.16-full\bin;C:\Users\User-1\AppData\Local\Programs\Python\Python38\Scripts;C:\Users\User-1\AppData\Local\Programs\Python\Python38;C:\Users\User-1\AppData\Local\Programs\Python\Python39\Scripts;C:\Users\User-1\AppData\Local\Programs\Python\Python39;C:\Users\User-1\AppData\Local\Programs\Python\Python313\Scripts;C:\Users\User-1\AppData\Local\Programs\Python\Python313;C:\Users\User-1\AppData\Local\Programs\Python\Launcher;C:\Users\User-1\AppData\Local\Microsoft\WindowsApps;C:\Program Files\Graphviz\bin;C:\Users\User-1\AppData\Roaming\npm;C:\Users\User-1\AppData\Local\Programs\Microsoft VS Code\bin
USERNAME=Александр
DISPLAY=:0.0
LC_ALL=en_US.UTF-8
TERM=xterm-256color
TMPDIR=C:\Users\User-1\AppData\Local\Temp
OS=Windows_NT
PROCESSOR_IDENTIFIER=Intel64 Family 6 Model 186 Stepping 2, GenuineIntel
TMP=C:\Users\User-1\AppData\Local\Temp
TEMP=C:\Users\User-1\AppData\Local\Temp




Periodic native trim disabled

JNI global refs:
JNI global refs: 0, weak refs: 0

JNI global refs memory usage: 0, weak refs: 0

Process memory usage:
Resident Set Size: 12992K (0% of 16510840K total physical memory with 1477184K free physical memory)

OOME stack traces (most recent first):
Classloader memory used:

---------------  S Y S T E M  ---------------

OS:
 Windows 11 , 64 bit Build 26100 (10.0.26100.7309)
OS uptime: 1 days 15:16 hours
Hyper-V role detected

CPU: total 12 (initial active 12) (6 cores per cpu, 2 threads per core) family 6 model 186 stepping 2 microcode 0x410e, cx8, cmov, fxsr, ht, mmx, 3dnowpref, sse, sse2, sse3, ssse3, sse4.1, sse4.2, popcnt, lzcnt, tsc, tscinvbit, avx, avx2, aes, erms, clmul, bmi1, bmi2, adx, sha, fma, vzeroupper, clflush, clflushopt, clwb, hv, serialize, rdtscp, rdpid, fsrm, f16c, cet_ibt, cet_ss
Processor Information for processor 0
  Max Mhz: 2100, Current Mhz: 2100, Mhz Limit: 2100
Processor Information for processor 1
  Max Mhz: 2100, Current Mhz: 2100, Mhz Limit: 2100
Processor Information for processor 2
  Max Mhz: 2100, Current Mhz: 2100, Mhz Limit: 2100
Processor Information for processor 3
  Max Mhz: 2100, Current Mhz: 2100, Mhz Limit: 2100
Processor Information for processor 4
  Max Mhz: 2100, Current Mhz: 2100, Mhz Limit: 2100
Processor Information for processor 5
  Max Mhz: 2100, Current Mhz: 2100, Mhz Limit: 2100
Processor Information for processor 6
  Max Mhz: 2100, Current Mhz: 2100, Mhz Limit: 2100
Processor Information for processor 7
  Max Mhz: 2100, Current Mhz: 2100, Mhz Limit: 2100
Processor Information for processor 8
  Max Mhz: 2100, Current Mhz: 1540, Mhz Limit: 2100
Processor Information for processor 9
  Max Mhz: 2100, Current Mhz: 2100, Mhz Limit: 2100
Processor Information for processor 10
  Max Mhz: 2100, Current Mhz: 1540, Mhz Limit: 2100
Processor Information for processor 11
  Max Mhz: 2100, Current Mhz: 2100, Mhz Limit: 2100

Memory: 4k page, system-wide physical 16123M (1442M free)
TotalPageFile size 21616M (AvailPageFile size 222M)
current process WorkingSet (physical memory assigned to process): 12M, peak: 12M
current process commit charge ("private bytes"): 64M, peak: 316M

vm_info: OpenJDK 64-Bit Server VM (21.0.3+-12282718-b509.11) for windows-amd64 JRE (21.0.3+-12282718-b509.11), built on 2024-08-27T17:34:15Z by "builder" with MS VC++ 16.10 / 16.11 (VS2019)

END.
